<<<<<<< HEAD
<<<<<<< HEAD
=======
log.log
log.log
log.log
log.log
=======
>>>>>>> 59e7e63a876071ea9afb47681d71489af401ca52
[MYSQL] Connected to database

[MYSQL] Connected to database

[MYSQL] Connected to database
[MYSQL] Connected to database
UPDATE t_wallet SET `pool_balance` = (`pool_balance` - 30) WHERE uid = '123';
[MYSQL] Connected to database
[MYSQL] Connected to database
[MYSQL] Connected to database
[MYSQL] Connected to database
[MYSQL] Connected to database
[MYSQL] Connected to database
[MYSQL] Connected to database
[MYSQL] Connected to database
[MYSQL] Connected to database
[MYSQL] Connected to database
[MYSQL] Connected to database
[MYSQL] Connected to database
[MYSQL] Connected to database
[MYSQL] Connected to database
>>>>>>> origin/master
[MYSQL] Connected to database
[MYSQL] Connected to database
[MYSQL] Connected to database
[MYSQL] Connected to database
[MYSQL] Connected to database
[MYSQL] Connected to database
[MYSQL] Connected to database
[MYSQL] Connected to database
[MYSQL] Connected to database
[MYSQL] Connected to database
[MYSQL] Connected to database
[MYSQL] Connected to database
[MYSQL] Connected to database
[MYSQL] Connected to database
[MYSQL] Connected to database
[MYSQL] Connected to database
[MYSQL] Connected to database
[MYSQL] Connected to database
[MYSQL] Connected to database
[MYSQL] Connected to database
[MYSQL] Connected to database
[MYSQL] Connected to database
[MYSQL] Connected to database
[MYSQL] Connected to database
[MYSQL] Connected to database
[MYSQL] Connected to database
[MYSQL] Connected to database
[MYSQL] Connected to database
[MYSQL] Connected to database
[MYSQL] Connected to database
[MYSQL] Connected to database
[MYSQL] Connected to database
[MYSQL] Connected to database
[MYSQL] Connected to database
[MYSQL] Connected to database
[MYSQL] Connected to database
[MYSQL] Connected to database
test
[MYSQL] Connected to database
[MYSQL] Connected to database
test2
[MYSQL] Connected to database
login
[MYSQL] Connected to database
[MYSQL] Connected to database
[MYSQL] Connected to database
[MYSQL] Connected to database
